[20-Mar-2025 14:20:02 UTC] PHP Warning:  Undefined array key "HTTP_REFERER" in /Users/evans/webroot/inna/app/Core/Utils/DUtil.php on line 399
[20-Mar-2025 14:22:51 UTC] PHP Warning:  Undefined array key 1 in /Users/evans/webroot/inna/migrations.php on line 40
[20-Mar-2025 14:42:15 UTC] PHP Fatal error:  Uncaught TypeError: app\Core\Database::addMigration(): Argument #2 ($columns) must be of type array, string given, called in /Users/evans/webroot/inna/app/Core/Database.php on line 165 and defined in /Users/evans/webroot/inna/app/Core/Database.php:98
Stack trace:
#0 /Users/evans/webroot/inna/app/Core/Database.php(165): app\Core\Database->addMigration('users', 'dddd')
#1 /Users/evans/webroot/inna/migrations.php(45): app\Core\Database->startMigration('add', 'users', 'dddd')
#2 {main}
  thrown in /Users/evans/webroot/inna/app/Core/Database.php on line 98
[20-Mar-2025 14:43:05 UTC] PHP Fatal error:  Uncaught TypeError: app\Core\Database::addMigration(): Argument #2 ($columns) must be of type array, string given, called in /Users/evans/webroot/inna/app/Core/Database.php on line 165 and defined in /Users/evans/webroot/inna/app/Core/Database.php:98
Stack trace:
#0 /Users/evans/webroot/inna/app/Core/Database.php(165): app\Core\Database->addMigration('users', '[')
#1 /Users/evans/webroot/inna/migrations.php(45): app\Core\Database->startMigration('add', 'users', '[')
#2 {main}
  thrown in /Users/evans/webroot/inna/app/Core/Database.php on line 98
[20-Mar-2025 14:43:24 UTC] PHP Fatal error:  Uncaught TypeError: app\Core\Database::addMigration(): Argument #2 ($columns) must be of type array, string given, called in /Users/evans/webroot/inna/app/Core/Database.php on line 165 and defined in /Users/evans/webroot/inna/app/Core/Database.php:98
Stack trace:
#0 /Users/evans/webroot/inna/app/Core/Database.php(165): app\Core\Database->addMigration('users', '[')
#1 /Users/evans/webroot/inna/migrations.php(45): app\Core\Database->startMigration('add', 'users', '[')
#2 {main}
  thrown in /Users/evans/webroot/inna/app/Core/Database.php on line 98
[20-Mar-2025 14:43:43 UTC] PHP Fatal error:  Uncaught TypeError: app\Core\Database::addMigration(): Argument #2 ($columns) must be of type array, null given, called in /Users/evans/webroot/inna/app/Core/Database.php on line 165 and defined in /Users/evans/webroot/inna/app/Core/Database.php:98
Stack trace:
#0 /Users/evans/webroot/inna/app/Core/Database.php(165): app\Core\Database->addMigration('users', NULL)
#1 /Users/evans/webroot/inna/migrations.php(45): app\Core\Database->startMigration('add', 'users', NULL)
#2 {main}
  thrown in /Users/evans/webroot/inna/app/Core/Database.php on line 98
[20-Mar-2025 15:46:34 UTC] PHP Warning:  mkdir(): File exists in /Users/evans/webroot/inna/app/Core/Database.php on line 27
[20-Mar-2025 15:51:59 UTC] PHP Warning:  mkdir(): File exists in /Users/evans/webroot/inna/app/Core/Database.php on line 27
