November 26, 2023. 11:52:58 pm - 127.0.0.1 - Mozilla/5.0 (Macintosh; Intel Mac OS X 10_15_7) AppleWebKit/605.1.15 (KHTML, like Gecko) Version/17.1 Safari/605.1.15 - /try/hhsh-sss
November 26, 2023. 11:53:01 pm - 127.0.0.1 - Mozilla/5.0 (Macintosh; Intel Mac OS X 10_15_7) AppleWebKit/605.1.15 (KHTML, like Gecko) Version/17.1 Safari/605.1.15 - /about
November 26, 2023. 11:53:14 pm - 127.0.0.1 - Mozilla/5.0 (Macintosh; Intel Mac OS X 10_15_7) AppleWebKit/605.1.15 (KHTML, like Gecko) Version/17.1 Safari/605.1.15 - /docs
November 26, 2023. 11:55:45 pm - 127.0.0.1 - Mozilla/5.0 (Macintosh; Intel Mac OS X 10_15_7) AppleWebKit/605.1.15 (KHTML, like Gecko) Version/17.1 Safari/605.1.15 - /try/hhsh-sss
November 26, 2023. 11:56:35 pm - 127.0.0.1 - Mozilla/5.0 (Macintosh; Intel Mac OS X 10_15_7) AppleWebKit/605.1.15 (KHTML, like Gecko) Version/17.1 Safari/605.1.15 - /try/hhsh-sss
[26-Nov-2023 23:56:35 UTC] PHP Fatal error:  Uncaught Twig\Error\LoaderError: Unable to find template "partials/header" (looked into: /Users/evans/webroot/inna/public/views) in "home.twig" at line 2. in /Users/evans/webroot/inna/vendor/twig/twig/src/Loader/FilesystemLoader.php:227
Stack trace:
#0 /Users/evans/webroot/inna/vendor/twig/twig/src/Loader/FilesystemLoader.php(131): Twig\Loader\FilesystemLoader->findTemplate('partials/header')
#1 /Users/evans/webroot/inna/vendor/twig/twig/src/Environment.php(264): Twig\Loader\FilesystemLoader->getCacheKey('partials/header')
#2 /Users/evans/webroot/inna/vendor/twig/twig/src/Template.php(319): Twig\Environment->getTemplateClass('partials/header')
#3 /Users/evans/webroot/inna/public/runtime/0b/0b47528dc0a832c4b5482ceb13774a2d.php(49): Twig\Template->loadTemplate('partials/header', 'home.twig', 2)
#4 /Users/evans/webroot/inna/vendor/twig/twig/src/Template.php(171): __TwigTemplate_74a76cdeab8954f8660868ddc6dd12ba->block_content(Array, Array)
#5 /Users/evans/webroot/inna/public/runtime/53/535e02db1bff2fdb55db6253f8f2d698.php(70): Twig\Template->displayBlock('content', Array, Array)
#6 /Users/evans/webroot/inna/vendor/twig/twig/src/Template.php(394): __TwigTemplate_df9536eb0ac407aad59c484b863e00bc->doDisplay(Array, Array)
#7 /Users/evans/webroot/inna/vendor/twig/twig/src/Template.php(367): Twig\Template->displayWithErrorHandling(Array, Array)
#8 /Users/evans/webroot/inna/public/runtime/0b/0b47528dc0a832c4b5482ceb13774a2d.php(42): Twig\Template->display(Array, Array)
#9 /Users/evans/webroot/inna/vendor/twig/twig/src/Template.php(394): __TwigTemplate_74a76cdeab8954f8660868ddc6dd12ba->doDisplay(Array, Array)
#10 /Users/evans/webroot/inna/vendor/twig/twig/src/Template.php(367): Twig\Template->displayWithErrorHandling(Array, Array)
#11 /Users/evans/webroot/inna/vendor/twig/twig/src/Template.php(379): Twig\Template->display(Array)
#12 /Users/evans/webroot/inna/vendor/twig/twig/src/TemplateWrapper.php(38): Twig\Template->render(Array)
#13 /Users/evans/webroot/inna/vendor/twig/twig/src/Environment.php(280): Twig\TemplateWrapper->render(Array)
#14 /Users/evans/webroot/inna/app/Core/Router.php(141): Twig\Environment->render('home.twig', Array)
#15 /Users/evans/webroot/inna/app/Core/Controller.php(32): app\Core\Router->render('home', Array)
#16 /Users/evans/webroot/inna/app/Controllers/HomeController.php(34): app\Core\Controller->render('home', Array)
#17 [internal function]: app\Controllers\HomeController->home(Object(app\Core\Request), Object(app\Core\Response))
#18 /Users/evans/webroot/inna/app/Core/Router.php(121): call_user_func(Array, Object(app\Core\Request), Object(app\Core\Response))
#19 /Users/evans/webroot/inna/app/Core/Application.php(51): app\Core\Router->resolve()
#20 /Users/evans/webroot/inna/index.php(37): app\Core\Application->run()
#21 {main}
  thrown in /Users/evans/webroot/inna/vendor/twig/twig/src/Loader/FilesystemLoader.php on line 227
November 26, 2023. 11:56:51 pm - 127.0.0.1 - Mozilla/5.0 (Macintosh; Intel Mac OS X 10_15_7) AppleWebKit/605.1.15 (KHTML, like Gecko) Version/17.1 Safari/605.1.15 - /try/hhsh-sss
[26-Nov-2023 23:56:51 UTC] PHP Fatal error:  Uncaught Twig\Error\LoaderError: Unable to find template "partials/header" (looked into: /Users/evans/webroot/inna/public/views) in "home.twig" at line 2. in /Users/evans/webroot/inna/vendor/twig/twig/src/Loader/FilesystemLoader.php:227
Stack trace:
#0 /Users/evans/webroot/inna/vendor/twig/twig/src/Loader/FilesystemLoader.php(131): Twig\Loader\FilesystemLoader->findTemplate('partials/header')
#1 /Users/evans/webroot/inna/vendor/twig/twig/src/Environment.php(264): Twig\Loader\FilesystemLoader->getCacheKey('partials/header')
#2 /Users/evans/webroot/inna/vendor/twig/twig/src/Template.php(319): Twig\Environment->getTemplateClass('partials/header')
#3 /Users/evans/webroot/inna/public/runtime/0b/0b47528dc0a832c4b5482ceb13774a2d.php(49): Twig\Template->loadTemplate('partials/header', 'home.twig', 2)
#4 /Users/evans/webroot/inna/vendor/twig/twig/src/Template.php(171): __TwigTemplate_74a76cdeab8954f8660868ddc6dd12ba->block_content(Array, Array)
#5 /Users/evans/webroot/inna/public/runtime/53/535e02db1bff2fdb55db6253f8f2d698.php(70): Twig\Template->displayBlock('content', Array, Array)
#6 /Users/evans/webroot/inna/vendor/twig/twig/src/Template.php(394): __TwigTemplate_df9536eb0ac407aad59c484b863e00bc->doDisplay(Array, Array)
#7 /Users/evans/webroot/inna/vendor/twig/twig/src/Template.php(367): Twig\Template->displayWithErrorHandling(Array, Array)
#8 /Users/evans/webroot/inna/public/runtime/0b/0b47528dc0a832c4b5482ceb13774a2d.php(42): Twig\Template->display(Array, Array)
#9 /Users/evans/webroot/inna/vendor/twig/twig/src/Template.php(394): __TwigTemplate_74a76cdeab8954f8660868ddc6dd12ba->doDisplay(Array, Array)
#10 /Users/evans/webroot/inna/vendor/twig/twig/src/Template.php(367): Twig\Template->displayWithErrorHandling(Array, Array)
#11 /Users/evans/webroot/inna/vendor/twig/twig/src/Template.php(379): Twig\Template->display(Array)
#12 /Users/evans/webroot/inna/vendor/twig/twig/src/TemplateWrapper.php(38): Twig\Template->render(Array)
#13 /Users/evans/webroot/inna/vendor/twig/twig/src/Environment.php(280): Twig\TemplateWrapper->render(Array)
#14 /Users/evans/webroot/inna/app/Core/Router.php(141): Twig\Environment->render('home.twig', Array)
#15 /Users/evans/webroot/inna/app/Core/Controller.php(32): app\Core\Router->render('home', Array)
#16 /Users/evans/webroot/inna/app/Controllers/HomeController.php(34): app\Core\Controller->render('home', Array)
#17 [internal function]: app\Controllers\HomeController->home(Object(app\Core\Request), Object(app\Core\Response))
#18 /Users/evans/webroot/inna/app/Core/Router.php(121): call_user_func(Array, Object(app\Core\Request), Object(app\Core\Response))
#19 /Users/evans/webroot/inna/app/Core/Application.php(51): app\Core\Router->resolve()
#20 /Users/evans/webroot/inna/index.php(37): app\Core\Application->run()
#21 {main}
  thrown in /Users/evans/webroot/inna/vendor/twig/twig/src/Loader/FilesystemLoader.php on line 227
November 26, 2023. 11:57:02 pm - 127.0.0.1 - Mozilla/5.0 (Macintosh; Intel Mac OS X 10_15_7) AppleWebKit/605.1.15 (KHTML, like Gecko) Version/17.1 Safari/605.1.15 - /try/hhsh-sss
November 26, 2023. 11:58:21 pm - 127.0.0.1 - Mozilla/5.0 (Macintosh; Intel Mac OS X 10_15_7) AppleWebKit/605.1.15 (KHTML, like Gecko) Version/17.1 Safari/605.1.15 - /docs
November 26, 2023. 11:58:47 pm - 127.0.0.1 - Mozilla/5.0 (Macintosh; Intel Mac OS X 10_15_7) AppleWebKit/605.1.15 (KHTML, like Gecko) Version/17.1 Safari/605.1.15 - /docs
November 26, 2023. 11:58:51 pm - 127.0.0.1 - Mozilla/5.0 (Macintosh; Intel Mac OS X 10_15_7) AppleWebKit/605.1.15 (KHTML, like Gecko) Version/17.1 Safari/605.1.15 - /try/hhsh-sss
November 26, 2023. 11:59:08 pm - 127.0.0.1 - Mozilla/5.0 (Macintosh; Intel Mac OS X 10_15_7) AppleWebKit/605.1.15 (KHTML, like Gecko) Version/17.1 Safari/605.1.15 - /docs
